start - 1
start - 2
start - 3
start - 4
start - 5
start - 6
start - 7
start - 8
start - 9
start - 10
start - 11
start - 12
start - 13
start - 14
start - 15
start - 16
start - 17
start - 18
start - 19
start - 20
start - 21
start - 22
start - 23
start - 24
start - 25
start - 26
start - 27
start - 28
start - 29
start - 30
start - 31
start - 32
start - 33
start - 34
start - 35
start - 36
start - 37
start - 38
start - 39
start - 40
start - 41
start - 42
start - 43
start - 44
start - 45
start - 46
start - 47
start - 48
start - 49
start - 50
start - 51
start - 52
start - 53
start - 54
start - 55
start - 56
start - 57
start - 58
start - 59
start - 60
start - 61
start - 62
start - 63
n deu - 63
prox
start - 63
start - 64
start - 65
start - 66
start - 67
start - 68
start - 69
start - 70
start - 71
start - 72
start - 73
start - 74
start - 75
start - 76
start - 77
start - 78
start - 79
start - 80
start - 81
start - 82
start - 83
start - 84
start - 85
start - 86
start - 87
start - 88
start - 89
start - 90
start - 91
start - 92
start - 93
start - 94
start - 95
start - 96
start - 97
start - 98
start - 99
start - 100
start - 101
start - 102
start - 103
start - 104
start - 105
start - 106
start - 107
start - 108
start - 109
start - 110
start - 111
start - 112
start - 113
start - 114
start - 115
start - 116
start - 117
start - 118
start - 119
start - 120
start - 121
start - 122
start - 123
start - 124
start - 125
n deu - 125
prox
start - 125
start - 126
start - 127
start - 128
start - 129
start - 130
start - 131
start - 132
start - 133
start - 134
start - 135
start - 136
start - 137
start - 138
start - 139
start - 140
start - 141
start - 142
start - 143
start - 144
start - 145
start - 146
start - 147
start - 148
start - 149
start - 150
start - 151
start - 152
start - 153
start - 154
start - 155
start - 156
start - 157
start - 158
start - 159
start - 160
start - 161
start - 162
start - 163
start - 164
start - 165
start - 166
start - 167
start - 168
start - 169
start - 170
start - 171
start - 172
start - 173
start - 174
start - 175
start - 176
start - 177
start - 178
start - 179
start - 180
start - 181
start - 182
start - 183
start - 184
start - 185
start - 186
start - 187
n deu - 187
prox
start - 187
start - 188
start - 189
start - 190
start - 191
start - 192
start - 193
start - 194
start - 195
start - 196
start - 197
start - 198
start - 199
start - 200
start - 201
start - 202
start - 203
start - 204
start - 205
start - 206
start - 207
start - 208
start - 209
start - 210
start - 211
start - 212
start - 213
start - 214
start - 215
start - 216
start - 217
start - 218
start - 219
start - 220
start - 221
start - 222
start - 223
start - 224
start - 225
start - 226
start - 227
start - 228
start - 229
start - 230
start - 231
start - 232
start - 233
start - 234
start - 235
start - 236
start - 237
start - 238
start - 239
start - 240
start - 241
start - 242
start - 243
start - 244
start - 245
start - 246
start - 247
start - 248
start - 249
n deu - 249
prox
start - 249
start - 250
start - 251
start - 252
start - 253
start - 254
start - 255
start - 256
start - 257
start - 258
start - 259
start - 260
start - 261
start - 262
start - 263
start - 264
start - 265
start - 266
start - 267
start - 268
start - 269
start - 270
start - 271
start - 272
start - 273
start - 274
start - 275
start - 276
start - 277
start - 278
start - 279
start - 280
start - 281
start - 282
start - 283
start - 284
start - 285
start - 286
start - 287
start - 288
start - 289
start - 290
start - 291
start - 292
start - 293
start - 294
start - 295
start - 296
start - 297
start - 298
start - 299
start - 300
start - 301
start - 302
start - 303
start - 304
start - 305
start - 306
start - 307
start - 308
start - 309
start - 310
start - 311
n deu - 311
prox
start - 311
start - 312
start - 313
start - 314
start - 315
start - 316
start - 317
start - 318
start - 319
start - 320
start - 321
start - 322
start - 323
start - 324
start - 325
start - 326
start - 327
start - 328
start - 329
start - 330
start - 331
start - 332
start - 333
start - 334
start - 335
start - 336
start - 337
start - 338
start - 339
start - 340
start - 341
start - 342
start - 343
start - 344
start - 345
start - 346
start - 347
start - 348
start - 349
start - 350
start - 351
start - 352
start - 353
start - 354
start - 355
start - 356
start - 357
start - 358
start - 359
start - 360
start - 361
start - 362
start - 363
start - 364
start - 365
start - 366
start - 367
start - 368
start - 369
start - 370
start - 371
start - 372
start - 373
n deu - 373
prox
start - 373
start - 374
start - 375
start - 376
start - 377
start - 378
start - 379
start - 380
start - 381
start - 382
start - 383
start - 384
start - 385
start - 386
start - 387
start - 388
start - 389
start - 390
start - 391
start - 392
start - 393
start - 394
start - 395
start - 396
start - 397
start - 398
start - 399
start - 400
start - 401
start - 402
start - 403
start - 404
start - 405
start - 406
start - 407
start - 408
start - 409
start - 410
start - 411
start - 412
start - 413
start - 414
start - 415
start - 416
start - 417
start - 418
start - 419
start - 420
start - 421
start - 422
start - 423
start - 424
start - 425
start - 426
start - 427
start - 428
start - 429
start - 430
start - 431
start - 432
start - 433
start - 434
start - 435
n deu - 435
prox
ui
prox
ui
prox
start - 433
start - 434
start - 435
start - 436
start - 437
start - 438
start - 439
start - 440
start - 441
start - 442
start - 443
start - 444
start - 445
start - 446
start - 447
start - 448
start - 449
start - 450
start - 451
start - 452
start - 453
start - 454
start - 455
start - 456
start - 457
start - 458
start - 459
start - 460
start - 461
start - 462
start - 463
start - 464
start - 465
n deu - 465
prox
start - 465
start - 466
start - 467
start - 468
start - 469
start - 470
start - 471
start - 472
start - 473
start - 474
start - 475
start - 476
start - 477
start - 478
start - 479
start - 480
start - 481
start - 482
start - 483
start - 484
start - 485
start - 486
start - 487
start - 488
start - 489
start - 490
start - 491
start - 492
start - 493
start - 494
start - 495
start - 496
start - 497
start - 498
start - 499
start - 500
start - 501
start - 502
start - 503
start - 504
start - 505
start - 506
start - 507
start - 508
start - 509
start - 510
start - 511
start - 512
start - 513
start - 514
start - 515
start - 516
start - 517
start - 518
start - 519
start - 520
start - 521
start - 522
start - 523
start - 524
start - 525
start - 526
start - 527
n deu - 527
prox
start - 527
start - 528
start - 529
start - 530
start - 531
start - 532
start - 533
start - 534
start - 535
start - 536
start - 537
start - 538
start - 539
start - 540
start - 541
start - 542
start - 543
start - 544
start - 545
start - 546
start - 547
start - 548
start - 549
start - 550
start - 551
start - 552
start - 553
start - 554
start - 555
start - 556
start - 557
start - 558
start - 559
start - 560
start - 561
start - 562
start - 563
start - 564
start - 565
start - 566
start - 567
start - 568
start - 569
start - 570
start - 571
start - 572
start - 573
start - 574
start - 575
start - 576
start - 577
start - 578
start - 579
start - 580
start - 581
start - 582
start - 583
start - 584
start - 585
start - 586
start - 587
start - 588
start - 589
n deu - 589
prox
start - 589
start - 590
start - 591
start - 592
start - 593
start - 594
start - 595
start - 596
start - 597
start - 598
start - 599
start - 600
start - 601
start - 602
start - 603
start - 604
start - 605
start - 606
start - 607
start - 608
start - 609
start - 610
start - 611
start - 612
start - 613
start - 614
start - 615
start - 616
start - 617
start - 618
start - 619
start - 620
start - 621
start - 622
start - 623
start - 624
start - 625
start - 626
start - 627
start - 628
start - 629
start - 630
start - 631
start - 632
start - 633
start - 634
start - 635
start - 636
start - 637
start - 638
start - 639
start - 640
start - 641
start - 642
start - 643
start - 644
start - 645
start - 646
start - 647
start - 648
start - 649
start - 650
start - 651
n deu - 651
prox
start - 651
start - 652
start - 653
start - 654
start - 655
start - 656
start - 657
start - 658
start - 659
start - 660
start - 661
start - 662
start - 663
start - 664
start - 665
start - 666
start - 667
start - 668
start - 669
start - 670
start - 671
start - 672
start - 673
start - 674
start - 675
start - 676
start - 677
start - 678
start - 679
start - 680
start - 681
start - 682
start - 683
start - 684
start - 685
start - 686
start - 687
start - 688
start - 689
start - 690
start - 691
start - 692
start - 693
start - 694
start - 695
start - 696
start - 697
start - 698
start - 699
start - 700
start - 701
start - 702
start - 703
start - 704
start - 705
start - 706
start - 707
start - 708
start - 709
start - 710
start - 711
start - 712
start - 713
n deu - 713
prox
start - 713
start - 714
start - 715
start - 716
start - 717
start - 718
start - 719
start - 720
start - 721
start - 722
start - 723
start - 724
start - 725
start - 726
start - 727
start - 728
start - 729
start - 730
start - 731
start - 732
start - 733
start - 734
start - 735
start - 736
start - 737
start - 738
start - 739
start - 740
start - 741
start - 742
start - 743
start - 744
start - 745
start - 746
start - 747
start - 748
start - 749
start - 750
start - 751
start - 752
start - 753
start - 754
start - 755
start - 756
start - 757
start - 758
start - 759
start - 760
start - 761
start - 762
start - 763
start - 764
start - 765
start - 766
start - 767
start - 768
start - 769
start - 770
start - 771
start - 772
start - 773
start - 774
start - 775
n deu - 775
prox
start - 775
start - 776
start - 777
start - 778
start - 779
start - 780
start - 781
start - 782
start - 783
start - 784
start - 785
start - 786
start - 787
start - 788
start - 789
start - 790
start - 791
start - 792
start - 793
start - 794
start - 795
start - 796
start - 797
start - 798
start - 799
start - 800
start - 801
start - 802
start - 803
start - 804
start - 805
start - 806
start - 807
start - 808
start - 809
start - 810
start - 811
start - 812
start - 813
start - 814
start - 815
start - 816
start - 817
start - 818
start - 819
start - 820
start - 821
start - 822
start - 823
start - 824
start - 825
start - 826
start - 827
start - 828
start - 829
start - 830
start - 831
start - 832
start - 833
start - 834
start - 835
start - 836
start - 837
n deu - 837
prox
ui
prox
ui
prox
start - 835
start - 836
start - 837
start - 838
start - 839
start - 840
start - 841
start - 842
start - 843
start - 844
start - 845
start - 846
start - 847
start - 848
start - 849
start - 850
start - 851
start - 852
start - 853
start - 854
start - 855
start - 856
start - 857
start - 858
start - 859
start - 860
start - 861
start - 862
start - 863
start - 864
start - 865
start - 866
start - 867
n deu - 867
prox
start - 867
start - 868
start - 869
start - 870
start - 871
start - 872
start - 873
start - 874
start - 875
start - 876
start - 877
start - 878
start - 879
start - 880
start - 881
start - 882
start - 883
start - 884
start - 885
start - 886
start - 887
start - 888
start - 889
start - 890
start - 891
start - 892
start - 893
start - 894
start - 895
start - 896
start - 897
start - 898
start - 899
start - 900
start - 901
start - 902
start - 903
start - 904
start - 905
start - 906
start - 907
start - 908
start - 909
start - 910
start - 911
start - 912
start - 913
start - 914
start - 915
start - 916
start - 917
start - 918
start - 919
start - 920
start - 921
start - 922
start - 923
start - 924
start - 925
start - 926
start - 927
start - 928
start - 929
n deu - 929
prox
start - 929
start - 930
start - 931
start - 932
start - 933
start - 934
start - 935
start - 936
start - 937
start - 938
start - 939
start - 940
start - 941
start - 942
start - 943
start - 944
start - 945
start - 946
start - 947
start - 948
start - 949
start - 950
start - 951
start - 952
start - 953
start - 954
start - 955
start - 956
start - 957
start - 958
start - 959
start - 960
start - 961
start - 962
start - 963
start - 964
start - 965
start - 966
start - 967
start - 968
start - 969
start - 970
start - 971
start - 972
start - 973
start - 974
start - 975
start - 976
start - 977
start - 978
start - 979
start - 980
start - 981
start - 982
start - 983
start - 984
start - 985
start - 986
start - 987
start - 988
start - 989
start - 990
start - 991
n deu - 991
prox
start - 991
start - 992
start - 993
start - 994
start - 995
start - 996
start - 997
start - 998
start - 999
start - 1000
start - 1001
start - 1002
start - 1003
start - 1004
start - 1005
start - 1006
start - 1007
start - 1008
start - 1009
start - 1010
start - 1011
start - 1012
start - 1013
start - 1014
start - 1015
start - 1016
start - 1017
start - 1018
start - 1019
start - 1020
start - 1021
start - 1022
start - 1023
start - 1024
start - 1025
start - 1026
start - 1027
start - 1028
start - 1029
start - 1030
start - 1031
start - 1032
start - 1033
start - 1034
start - 1035
start - 1036
start - 1037
start - 1038
start - 1039
start - 1040
start - 1041
start - 1042
start - 1043
start - 1044
start - 1045
start - 1046
start - 1047
start - 1048
start - 1049
start - 1050
start - 1051
start - 1052
start - 1053
n deu - 1053
prox
start - 1053
start - 1054
start - 1055
start - 1056
start - 1057
start - 1058
start - 1059
start - 1060
start - 1061
start - 1062
start - 1063
start - 1064
start - 1065
start - 1066
start - 1067
start - 1068
start - 1069
start - 1070
start - 1071
start - 1072
start - 1073
start - 1074
start - 1075
start - 1076
start - 1077
start - 1078
start - 1079
start - 1080
start - 1081
start - 1082
start - 1083
start - 1084
start - 1085
start - 1086
start - 1087
start - 1088
start - 1089
start - 1090
start - 1091
start - 1092
start - 1093
start - 1094
start - 1095
start - 1096
start - 1097
start - 1098
start - 1099
start - 1100
start - 1101
start - 1102
start - 1103
start - 1104
start - 1105
start - 1106
start - 1107
start - 1108
start - 1109
start - 1110
start - 1111
start - 1112
start - 1113
start - 1114
start - 1115
n deu - 1115
prox
start - 1115
start - 1116
start - 1117
start - 1118
start - 1119
start - 1120
start - 1121
start - 1122
start - 1123
start - 1124
start - 1125
start - 1126
start - 1127
start - 1128
start - 1129
start - 1130
start - 1131
start - 1132
start - 1133
start - 1134
start - 1135
start - 1136
start - 1137
start - 1138
start - 1139
start - 1140
start - 1141
start - 1142
start - 1143
start - 1144
start - 1145
start - 1146
start - 1147
start - 1148
start - 1149
start - 1150
start - 1151
start - 1152
start - 1153
start - 1154
start - 1155
start - 1156
start - 1157
start - 1158
start - 1159
start - 1160
start - 1161
start - 1162
start - 1163
start - 1164
start - 1165
start - 1166
start - 1167
start - 1168
start - 1169
start - 1170
start - 1171
start - 1172
start - 1173
start - 1174
start - 1175
start - 1176
start - 1177
n deu - 1177
prox
start - 1177
start - 1178
start - 1179
start - 1180
start - 1181
start - 1182
start - 1183
start - 1184
start - 1185
start - 1186
start - 1187
start - 1188
start - 1189
start - 1190
start - 1191
start - 1192
start - 1193
start - 1194
start - 1195
start - 1196
start - 1197
start - 1198
start - 1199
start - 1200
start - 1201
start - 1202
start - 1203
start - 1204
start - 1205
start - 1206
start - 1207
start - 1208
start - 1209
n deu - 1209
prox
start - 1209
start - 1210
start - 1211
start - 1212
start - 1213
start - 1214
start - 1215
start - 1216
start - 1217
start - 1218
start - 1219
start - 1220
start - 1221
start - 1222
start - 1223
start - 1224
start - 1225
start - 1226
start - 1227
start - 1228
start - 1229
start - 1230
start - 1231
start - 1232
start - 1233
start - 1234
start - 1235
start - 1236
start - 1237
start - 1238
start - 1239
start - 1240
start - 1241
start - 1242
start - 1243
start - 1244
start - 1245
start - 1246
start - 1247
start - 1248
start - 1249
start - 1250
start - 1251
start - 1252
start - 1253
start - 1254
start - 1255
start - 1256
start - 1257
start - 1258
start - 1259
start - 1260
start - 1261
start - 1262
start - 1263
start - 1264
start - 1265
start - 1266
start - 1267
start - 1268
start - 1269
start - 1270
start - 1271
n deu - 1271
prox
start - 1271
start - 1272
start - 1273
start - 1274
start - 1275
start - 1276
start - 1277
start - 1278
start - 1279
start - 1280
start - 1281
start - 1282
start - 1283
start - 1284
start - 1285
start - 1286
start - 1287
start - 1288
start - 1289
start - 1290
start - 1291
start - 1292
start - 1293
start - 1294
start - 1295
start - 1296
start - 1297
start - 1298
start - 1299
start - 1300
start - 1301
start - 1302
start - 1303
n deu - 1303
prox
start - 1303
start - 1304
start - 1305
start - 1306
start - 1307
start - 1308
start - 1309
start - 1310
start - 1311
start - 1312
start - 1313
start - 1314
start - 1315
start - 1316
start - 1317
start - 1318
start - 1319
start - 1320
start - 1321
start - 1322
start - 1323
start - 1324
start - 1325
start - 1326
start - 1327
start - 1328
start - 1329
start - 1330
start - 1331
start - 1332
start - 1333
start - 1334
start - 1335
start - 1336
start - 1337
start - 1338
start - 1339
start - 1340
start - 1341
start - 1342
start - 1343
start - 1344
start - 1345
start - 1346
start - 1347
start - 1348
start - 1349
start - 1350
start - 1351
start - 1352
start - 1353
start - 1354
start - 1355
start - 1356
start - 1357
start - 1358
start - 1359
start - 1360
start - 1361
start - 1362
start - 1363
start - 1364
start - 1365
n deu - 1365
prox
start - 1365
start - 1366
start - 1367
start - 1368
start - 1369
start - 1370
start - 1371
start - 1372
start - 1373
start - 1374
start - 1375
start - 1376
start - 1377
start - 1378
start - 1379
start - 1380
start - 1381
start - 1382
start - 1383
start - 1384
start - 1385
start - 1386
start - 1387
start - 1388
start - 1389
start - 1390
start - 1391
start - 1392
start - 1393
start - 1394
start - 1395
start - 1396
start - 1397
start - 1398
start - 1399
start - 1400
start - 1401
start - 1402
start - 1403
start - 1404
start - 1405
start - 1406
start - 1407
start - 1408
start - 1409
start - 1410
start - 1411
start - 1412
start - 1413
start - 1414
start - 1415
start - 1416
start - 1417
start - 1418
start - 1419
start - 1420
start - 1421
start - 1422
start - 1423
start - 1424
start - 1425
start - 1426
start - 1427
n deu - 1427
prox
start - 1427
start - 1428
start - 1429
start - 1430
start - 1431
start - 1432
start - 1433
start - 1434
start - 1435
start - 1436
start - 1437
start - 1438
start - 1439
start - 1440
start - 1441
start - 1442
start - 1443
start - 1444
start - 1445
start - 1446
start - 1447
start - 1448
start - 1449
start - 1450
start - 1451
start - 1452
start - 1453
start - 1454
start - 1455
start - 1456
start - 1457
start - 1458
start - 1459
start - 1460
start - 1461
start - 1462
start - 1463
start - 1464
start - 1465
start - 1466
start - 1467
start - 1468
start - 1469
start - 1470
start - 1471
start - 1472
start - 1473
start - 1474
start - 1475
start - 1476
start - 1477
start - 1478
start - 1479
start - 1480
start - 1481
start - 1482
start - 1483
start - 1484
start - 1485
start - 1486
start - 1487
start - 1488
start - 1489
n deu - 1489
prox
start - 1489
start - 1490
start - 1491
start - 1492
start - 1493
start - 1494
start - 1495
start - 1496
start - 1497
start - 1498
start - 1499
start - 1500
start - 1501
start - 1502
start - 1503
start - 1504
start - 1505
start - 1506
start - 1507
start - 1508
start - 1509
start - 1510
start - 1511
start - 1512
start - 1513
start - 1514
start - 1515
start - 1516
start - 1517
start - 1518
start - 1519
start - 1520
start - 1521
start - 1522
start - 1523
start - 1524
start - 1525
start - 1526
start - 1527
start - 1528
start - 1529
start - 1530
start - 1531
start - 1532
start - 1533
start - 1534
start - 1535
start - 1536
start - 1537
start - 1538
start - 1539
start - 1540
start - 1541
start - 1542
start - 1543
start - 1544
start - 1545
start - 1546
start - 1547
start - 1548
start - 1549
start - 1550
start - 1551
n deu - 1551
prox
start - 1551
start - 1552
start - 1553
start - 1554
start - 1555
start - 1556
start - 1557
start - 1558
start - 1559
start - 1560
start - 1561
start - 1562
start - 1563
start - 1564
start - 1565
start - 1566
start - 1567
start - 1568
start - 1569
start - 1570
start - 1571
start - 1572
start - 1573
start - 1574
start - 1575
start - 1576
start - 1577
start - 1578
start - 1579
start - 1580
start - 1581
start - 1582
start - 1583
start - 1584
start - 1585
start - 1586
start - 1587
start - 1588
start - 1589
start - 1590
start - 1591
start - 1592
start - 1593
start - 1594
start - 1595
start - 1596
start - 1597
start - 1598
start - 1599
start - 1600
start - 1601
start - 1602
start - 1603
start - 1604
start - 1605
start - 1606
start - 1607
start - 1608
start - 1609
start - 1610
start - 1611
start - 1612
start - 1613
n deu - 1613
prox
start - 1613
start - 1614
start - 1615
start - 1616
start - 1617
start - 1618
start - 1619
start - 1620
start - 1621
start - 1622
start - 1623
start - 1624
start - 1625
start - 1626
start - 1627
start - 1628
start - 1629
start - 1630
start - 1631
start - 1632
start - 1633
start - 1634
start - 1635
start - 1636
start - 1637
start - 1638
start - 1639
start - 1640
start - 1641
start - 1642
start - 1643
start - 1644
start - 1645
start - 1646
start - 1647
start - 1648
start - 1649
start - 1650
start - 1651
start - 1652
start - 1653
start - 1654
start - 1655
start - 1656
start - 1657
start - 1658
start - 1659
start - 1660
start - 1661
start - 1662
start - 1663
start - 1664
start - 1665
start - 1666
start - 1667
start - 1668
start - 1669
start - 1670
start - 1671
start - 1672
start - 1673
start - 1674
start - 1675
n deu - 1675
prox
start - 1675
start - 1676
start - 1677
start - 1678
start - 1679
start - 1680
start - 1681
start - 1682
start - 1683
start - 1684
start - 1685
start - 1686
start - 1687
start - 1688
start - 1689
start - 1690
start - 1691
start - 1692
start - 1693
start - 1694
start - 1695
start - 1696
start - 1697
start - 1698
start - 1699
start - 1700
start - 1701
start - 1702
start - 1703
start - 1704
start - 1705
start - 1706
start - 1707
start - 1708
start - 1709
start - 1710
start - 1711
start - 1712
start - 1713
start - 1714
start - 1715
start - 1716
start - 1717
start - 1718
start - 1719
start - 1720
start - 1721
start - 1722
start - 1723
start - 1724
start - 1725
start - 1726
start - 1727
start - 1728
start - 1729
start - 1730
start - 1731
start - 1732
start - 1733
start - 1734
start - 1735
start - 1736
start - 1737
n deu - 1737
prox
ui
prox
ui
prox
start - 1735
start - 1736
start - 1737
start - 1738
start - 1739
start - 1740
start - 1741
start - 1742
start - 1743
start - 1744
start - 1745
start - 1746
start - 1747
start - 1748
start - 1749
start - 1750
start - 1751
start - 1752
start - 1753
start - 1754
start - 1755
start - 1756
start - 1757
start - 1758
start - 1759
start - 1760
start - 1761
start - 1762
start - 1763
start - 1764
start - 1765
start - 1766
start - 1767
n deu - 1767
prox
start - 1767
start - 1768
start - 1769
start - 1770
start - 1771
start - 1772
start - 1773
start - 1774
start - 1775
start - 1776
start - 1777
start - 1778
start - 1779
start - 1780
start - 1781
start - 1782
start - 1783
start - 1784
start - 1785
start - 1786
start - 1787
start - 1788
start - 1789
start - 1790
start - 1791
start - 1792
start - 1793
start - 1794
start - 1795
start - 1796
start - 1797
start - 1798
start - 1799
start - 1800
start - 1801
start - 1802
start - 1803
start - 1804
start - 1805
start - 1806
start - 1807
start - 1808
start - 1809
start - 1810
start - 1811
start - 1812
start - 1813
start - 1814
start - 1815
start - 1816
start - 1817
start - 1818
start - 1819
start - 1820
start - 1821
start - 1822
start - 1823
start - 1824
start - 1825
start - 1826
start - 1827
start - 1828
start - 1829
n deu - 1829
prox
start - 1829
start - 1830
start - 1831
start - 1832
start - 1833
start - 1834
start - 1835
start - 1836
start - 1837
start - 1838
start - 1839
start - 1840
start - 1841
start - 1842
start - 1843
start - 1844
start - 1845
start - 1846
start - 1847
start - 1848
start - 1849
start - 1850
start - 1851
start - 1852
start - 1853
start - 1854
start - 1855
start - 1856
start - 1857
start - 1858
start - 1859
start - 1860
start - 1861
start - 1862
start - 1863
start - 1864
start - 1865
start - 1866
start - 1867
start - 1868
start - 1869
start - 1870
start - 1871
start - 1872
start - 1873
start - 1874
start - 1875
start - 1876
start - 1877
start - 1878
start - 1879
start - 1880
start - 1881
start - 1882
start - 1883
start - 1884
start - 1885
start - 1886
start - 1887
start - 1888
start - 1889
start - 1890
start - 1891
n deu - 1891
prox
start - 1891
start - 1892
start - 1893
start - 1894
start - 1895
start - 1896
start - 1897
start - 1898
start - 1899
start - 1900
start - 1901
start - 1902
start - 1903
start - 1904
start - 1905
start - 1906
start - 1907
start - 1908
start - 1909
start - 1910
start - 1911
start - 1912
start - 1913
start - 1914
start - 1915
start - 1916
start - 1917
start - 1918
start - 1919
start - 1920
start - 1921
start - 1922
start - 1923
start - 1924
start - 1925
start - 1926
start - 1927
start - 1928
start - 1929
start - 1930
start - 1931
start - 1932
start - 1933
start - 1934
start - 1935
start - 1936
start - 1937
start - 1938
start - 1939
start - 1940
start - 1941
start - 1942
start - 1943
start - 1944
start - 1945
start - 1946
start - 1947
start - 1948
start - 1949
start - 1950
start - 1951
start - 1952
start - 1953
n deu - 1953
prox
start - 1953
start - 1954
start - 1955
start - 1956
start - 1957
start - 1958
start - 1959
start - 1960
start - 1961
start - 1962
start - 1963
start - 1964
start - 1965
start - 1966
start - 1967
start - 1968
start - 1969
start - 1970
start - 1971
start - 1972
start - 1973
start - 1974
start - 1975
start - 1976
start - 1977
start - 1978
start - 1979
start - 1980
start - 1981
start - 1982
start - 1983
start - 1984
start - 1985
start - 1986
start - 1987
start - 1988
start - 1989
start - 1990
start - 1991
start - 1992
start - 1993
start - 1994
start - 1995
start - 1996
start - 1997
start - 1998
start - 1999
start - 2000
start - 2001
start - 2002
start - 2003
start - 2004
start - 2005
start - 2006
start - 2007
start - 2008
start - 2009
start - 2010
start - 2011
start - 2012
start - 2013
start - 2014
start - 2015
n deu - 2015
prox
start - 2015
start - 2016
start - 2017
start - 2018
start - 2019
start - 2020
start - 2021
start - 2022
start - 2023
start - 2024
start - 2025
start - 2026
start - 2027
start - 2028
start - 2029
start - 2030
start - 2031
start - 2032
start - 2033
start - 2034
start - 2035
start - 2036
start - 2037
start - 2038
start - 2039
start - 2040
start - 2041
start - 2042
start - 2043
start - 2044
start - 2045
start - 2046
start - 2047
start - 2048
start - 2049
start - 2050
start - 2051
start - 2052
start - 2053
start - 2054
start - 2055
start - 2056
start - 2057
start - 2058
start - 2059
start - 2060
start - 2061
start - 2062
start - 2063
start - 2064
start - 2065
start - 2066
start - 2067
start - 2068
start - 2069
start - 2070
start - 2071
start - 2072
start - 2073
start - 2074
start - 2075
start - 2076
start - 2077
n deu - 2077
prox
start - 2077
start - 2078
start - 2079
start - 2080
start - 2081
start - 2082
start - 2083
start - 2084
start - 2085
start - 2086
start - 2087
start - 2088
start - 2089
start - 2090
start - 2091
start - 2092
start - 2093
start - 2094
start - 2095
start - 2096
start - 2097
start - 2098
start - 2099
start - 2100
start - 2101
start - 2102
start - 2103
start - 2104
start - 2105
start - 2106
start - 2107
start - 2108
start - 2109
start - 2110
start - 2111
start - 2112
start - 2113
start - 2114
start - 2115
start - 2116
start - 2117
start - 2118
start - 2119
start - 2120
start - 2121
start - 2122
start - 2123
start - 2124
start - 2125
start - 2126
start - 2127
start - 2128
start - 2129
start - 2130
start - 2131
start - 2132
start - 2133
start - 2134
start - 2135
start - 2136
start - 2137
start - 2138
start - 2139
n deu - 2139
prox
ui
prox
ui
prox
start - 2137
start - 2138
start - 2139
start - 2140
start - 2141
start - 2142
start - 2143
start - 2144
start - 2145
start - 2146
start - 2147
start - 2148
start - 2149
start - 2150
start - 2151
start - 2152
start - 2153
start - 2154
start - 2155
start - 2156
start - 2157
start - 2158
start - 2159
start - 2160
start - 2161
start - 2162
start - 2163
start - 2164
start - 2165
start - 2166
start - 2167
start - 2168
start - 2169
n deu - 2169
prox
start - 2169
start - 2170
start - 2171
start - 2172
start - 2173
start - 2174
start - 2175
start - 2176
start - 2177
start - 2178
start - 2179
start - 2180
start - 2181
start - 2182
start - 2183
start - 2184
start - 2185
start - 2186
start - 2187
start - 2188
start - 2189
start - 2190
start - 2191
start - 2192
start - 2193
start - 2194
start - 2195
start - 2196
start - 2197
start - 2198
start - 2199
start - 2200
start - 2201
start - 2202
start - 2203
start - 2204
start - 2205
start - 2206
start - 2207
start - 2208
start - 2209
start - 2210
start - 2211
start - 2212
start - 2213
start - 2214
start - 2215
start - 2216
start - 2217
start - 2218
start - 2219
start - 2220
start - 2221
start - 2222
start - 2223
start - 2224
start - 2225
start - 2226
start - 2227
start - 2228
start - 2229
start - 2230
start - 2231
n deu - 2231
prox
start - 2231
start - 2232
start - 2233
start - 2234
start - 2235
start - 2236
start - 2237
start - 2238
start - 2239
start - 2240
start - 2241
start - 2242
start - 2243
start - 2244
start - 2245
start - 2246
start - 2247
start - 2248
start - 2249
start - 2250
start - 2251
start - 2252
start - 2253
start - 2254
start - 2255
start - 2256
start - 2257
start - 2258
start - 2259
start - 2260
start - 2261
start - 2262
start - 2263
start - 2264
start - 2265
start - 2266
start - 2267
start - 2268
start - 2269
start - 2270
start - 2271
start - 2272
start - 2273
start - 2274
start - 2275
start - 2276
start - 2277
start - 2278
start - 2279
start - 2280
start - 2281
start - 2282
start - 2283
start - 2284
start - 2285
start - 2286
start - 2287
start - 2288
start - 2289
start - 2290
start - 2291
start - 2292
start - 2293
n deu - 2293
prox
start - 2293
start - 2294
start - 2295
start - 2296
start - 2297
start - 2298
start - 2299
start - 2300
start - 2301
start - 2302
start - 2303
start - 2304
start - 2305
start - 2306
start - 2307
start - 2308
start - 2309
start - 2310
start - 2311
start - 2312
start - 2313
start - 2314
start - 2315
start - 2316
start - 2317
start - 2318
start - 2319
start - 2320
start - 2321
start - 2322
start - 2323
start - 2324
start - 2325
start - 2326
start - 2327
start - 2328
start - 2329
start - 2330
start - 2331
start - 2332
start - 2333
start - 2334
start - 2335
start - 2336
start - 2337
start - 2338
start - 2339
start - 2340
start - 2341
start - 2342
start - 2343
start - 2344
start - 2345
start - 2346
start - 2347
start - 2348
start - 2349
start - 2350
start - 2351
start - 2352
start - 2353
start - 2354
start - 2355
n deu - 2355
prox
start - 2355
start - 2356
start - 2357
start - 2358
start - 2359
start - 2360
start - 2361
start - 2362
start - 2363
start - 2364
start - 2365
start - 2366
start - 2367
start - 2368
start - 2369
start - 2370
start - 2371
start - 2372
start - 2373
start - 2374
start - 2375
start - 2376
start - 2377
start - 2378
start - 2379
start - 2380
start - 2381
start - 2382
start - 2383
start - 2384
start - 2385
start - 2386
start - 2387
start - 2388
start - 2389
start - 2390
start - 2391
start - 2392
start - 2393
start - 2394
start - 2395
start - 2396
start - 2397
start - 2398
start - 2399
start - 2400
start - 2401
start - 2402
start - 2403
start - 2404
start - 2405
start - 2406
start - 2407
start - 2408
start - 2409
start - 2410
start - 2411
start - 2412
start - 2413
start - 2414
start - 2415
start - 2416
start - 2417
n deu - 2417
prox
start - 2417
start - 2418
start - 2419
start - 2420
start - 2421
start - 2422
start - 2423
start - 2424
start - 2425
start - 2426
start - 2427
start - 2428
start - 2429
start - 2430
start - 2431
start - 2432
start - 2433
start - 2434
start - 2435
start - 2436
start - 2437
start - 2438
start - 2439
start - 2440
start - 2441
start - 2442
start - 2443
start - 2444
start - 2445
start - 2446
start - 2447
start - 2448
start - 2449
start - 2450
start - 2451
start - 2452
start - 2453
start - 2454
start - 2455
start - 2456
start - 2457
start - 2458
start - 2459
start - 2460
start - 2461
start - 2462
start - 2463
start - 2464
start - 2465
start - 2466
start - 2467
start - 2468
start - 2469
start - 2470
start - 2471
start - 2472
start - 2473
start - 2474
start - 2475
start - 2476
start - 2477
start - 2478
start - 2479
n deu - 2479
prox
start - 2479
start - 2480
start - 2481
start - 2482
start - 2483
start - 2484
start - 2485
start - 2486
start - 2487
start - 2488
start - 2489
start - 2490
start - 2491
start - 2492
start - 2493
start - 2494
start - 2495
start - 2496
start - 2497
start - 2498
start - 2499
start - 2500
start - 2501
start - 2502
start - 2503
start - 2504
start - 2505
start - 2506
start - 2507
start - 2508
start - 2509
start - 2510
start - 2511
n deu - 2511
prox
start - 2511
start - 2512
start - 2513
start - 2514
start - 2515
start - 2516
start - 2517
start - 2518
start - 2519
start - 2520
start - 2521
start - 2522
start - 2523
start - 2524
start - 2525
start - 2526
start - 2527
start - 2528
start - 2529
start - 2530
start - 2531
start - 2532
start - 2533
start - 2534
start - 2535
start - 2536
start - 2537
start - 2538
start - 2539
start - 2540
start - 2541
start - 2542
start - 2543
start - 2544
start - 2545
start - 2546
start - 2547
start - 2548
start - 2549
start - 2550
start - 2551
start - 2552
start - 2553
start - 2554
start - 2555
start - 2556
start - 2557
start - 2558
start - 2559
start - 2560
start - 2561
start - 2562
start - 2563
start - 2564
start - 2565
start - 2566
start - 2567
start - 2568
start - 2569
start - 2570
start - 2571
start - 2572
start - 2573
n deu - 2573
prox
start - 2573
start - 2574
start - 2575
start - 2576
start - 2577
start - 2578
start - 2579
start - 2580
start - 2581
start - 2582
start - 2583
start - 2584
start - 2585
start - 2586
start - 2587
start - 2588
start - 2589
start - 2590
start - 2591
start - 2592
start - 2593
start - 2594
start - 2595
start - 2596
start - 2597
start - 2598
start - 2599
start - 2600
start - 2601
start - 2602
start - 2603
start - 2604
start - 2605
n deu - 2605
prox
ui
prox
ui
prox
ui
prox
ui
prox
start - 2601
start - 2602
start - 2603
start - 2604
start - 2605
start - 2606
start - 2607
start - 2608
start - 2609
start - 2610
start - 2611
start - 2612
start - 2613
start - 2614
start - 2615
start - 2616
start - 2617
start - 2618
start - 2619
start - 2620
start - 2621
start - 2622
start - 2623
start - 2624
start - 2625
start - 2626
start - 2627
start - 2628
start - 2629
start - 2630
start - 2631
start - 2632
start - 2633
start - 2634
start - 2635
start - 2636
start - 2637
start - 2638
start - 2639
start - 2640
start - 2641
start - 2642
start - 2643
start - 2644
start - 2645
start - 2646
start - 2647
start - 2648
start - 2649
start - 2650
start - 2651
start - 2652
start - 2653
start - 2654
start - 2655
start - 2656
start - 2657
start - 2658
start - 2659
start - 2660
start - 2661
start - 2662
start - 2663
n deu - 2663
prox
start - 2663
start - 2664
start - 2665
start - 2666
start - 2667
start - 2668
start - 2669
start - 2670
start - 2671
start - 2672
start - 2673
start - 2674
start - 2675
start - 2676
start - 2677
start - 2678
start - 2679
start - 2680
start - 2681
start - 2682
start - 2683
start - 2684
start - 2685
start - 2686
start - 2687
start - 2688
start - 2689
start - 2690
start - 2691
start - 2692
start - 2693
start - 2694
start - 2695
n deu - 2695
prox
start - 2695
start - 2696
start - 2697
start - 2698
start - 2699
start - 2700
start - 2701
start - 2702
start - 2703
start - 2704
start - 2705
start - 2706
start - 2707
start - 2708
start - 2709
start - 2710
start - 2711
start - 2712
start - 2713
start - 2714
start - 2715
start - 2716
start - 2717
start - 2718
start - 2719
start - 2720
start - 2721
start - 2722
start - 2723
start - 2724
start - 2725
start - 2726
start - 2727
start - 2728
start - 2729
start - 2730
start - 2731
start - 2732
start - 2733
start - 2734
start - 2735
start - 2736
start - 2737
start - 2738
start - 2739
start - 2740
start - 2741
start - 2742
start - 2743
start - 2744
start - 2745
start - 2746
start - 2747
start - 2748
start - 2749
start - 2750
start - 2751
start - 2752
start - 2753
start - 2754
start - 2755
start - 2756
start - 2757
n deu - 2757
prox
start - 2757
start - 2758
start - 2759
start - 2760
start - 2761
start - 2762
start - 2763
start - 2764
start - 2765
start - 2766
start - 2767
start - 2768
start - 2769
start - 2770
start - 2771
start - 2772
start - 2773
start - 2774
start - 2775
start - 2776
start - 2777
start - 2778
start - 2779
start - 2780
start - 2781
start - 2782
start - 2783
start - 2784
start - 2785
start - 2786
start - 2787
start - 2788
start - 2789
start - 2790
start - 2791
start - 2792
start - 2793
start - 2794
start - 2795
start - 2796
start - 2797
start - 2798
start - 2799
start - 2800
start - 2801
start - 2802
start - 2803
start - 2804
start - 2805
start - 2806
start - 2807
start - 2808
start - 2809
start - 2810
start - 2811
start - 2812
start - 2813
start - 2814
start - 2815
start - 2816
start - 2817
start - 2818
start - 2819
n deu - 2819
prox
start - 2819
start - 2820
start - 2821
start - 2822
start - 2823
start - 2824
start - 2825
start - 2826
start - 2827
start - 2828
start - 2829
start - 2830
start - 2831
start - 2832
start - 2833
start - 2834
start - 2835
start - 2836
start - 2837
start - 2838
start - 2839
start - 2840
start - 2841
start - 2842
start - 2843
start - 2844
start - 2845
start - 2846
start - 2847
start - 2848
start - 2849
start - 2850
start - 2851
start - 2852
start - 2853
start - 2854
start - 2855
start - 2856
start - 2857
start - 2858
start - 2859
start - 2860
start - 2861
start - 2862
start - 2863
start - 2864
start - 2865
start - 2866
start - 2867
start - 2868
start - 2869
start - 2870
start - 2871
start - 2872
start - 2873
start - 2874
start - 2875
start - 2876
start - 2877
start - 2878
start - 2879
start - 2880
start - 2881
n deu - 2881
prox
start - 2881
start - 2882
start - 2883
start - 2884
start - 2885
start - 2886
start - 2887
start - 2888
start - 2889
start - 2890
start - 2891
start - 2892
start - 2893
start - 2894
start - 2895
start - 2896
start - 2897
start - 2898
start - 2899
start - 2900
start - 2901
start - 2902
start - 2903
start - 2904
start - 2905
start - 2906
start - 2907
start - 2908
start - 2909
start - 2910
start - 2911
start - 2912
start - 2913
start - 2914
start - 2915
start - 2916
start - 2917
start - 2918
start - 2919
start - 2920
start - 2921
start - 2922
start - 2923
start - 2924
start - 2925
start - 2926
start - 2927
start - 2928
start - 2929
start - 2930
start - 2931
start - 2932
start - 2933
start - 2934
start - 2935
start - 2936
start - 2937
start - 2938
start - 2939
start - 2940
start - 2941
start - 2942
start - 2943
n deu - 2943
prox
start - 2943
start - 2944
start - 2945
start - 2946
start - 2947
start - 2948
start - 2949
start - 2950
start - 2951
start - 2952
start - 2953
start - 2954
start - 2955
start - 2956
start - 2957
start - 2958
start - 2959
start - 2960
start - 2961
start - 2962
start - 2963
start - 2964
start - 2965
start - 2966
start - 2967
start - 2968
start - 2969
start - 2970
start - 2971
start - 2972
start - 2973
start - 2974
start - 2975
start - 2976
start - 2977
start - 2978
start - 2979
start - 2980
start - 2981
start - 2982
start - 2983
start - 2984
start - 2985
start - 2986
start - 2987
start - 2988
start - 2989
start - 2990
start - 2991
start - 2992
start - 2993
start - 2994
start - 2995
start - 2996
start - 2997
start - 2998
start - 2999
start - 3000
start - 3001
start - 3002
start - 3003
start - 3004
start - 3005
n deu - 3005
prox
start - 3005
start - 3006
start - 3007
start - 3008
start - 3009
start - 3010
start - 3011
start - 3012
start - 3013
start - 3014
start - 3015
start - 3016
start - 3017
start - 3018
start - 3019
start - 3020
start - 3021
start - 3022
start - 3023
start - 3024
start - 3025
start - 3026
start - 3027
start - 3028
start - 3029
start - 3030
start - 3031
start - 3032
start - 3033
start - 3034
start - 3035
start - 3036
start - 3037
start - 3038
start - 3039
start - 3040
start - 3041
start - 3042
start - 3043
start - 3044
start - 3045
start - 3046
start - 3047
start - 3048
start - 3049
start - 3050
start - 3051
start - 3052
start - 3053
start - 3054
start - 3055
start - 3056
start - 3057
start - 3058
start - 3059
start - 3060
start - 3061
start - 3062
start - 3063
start - 3064
start - 3065
start - 3066
start - 3067
n deu - 3067
prox
start - 3067
start - 3068
start - 3069
start - 3070
start - 3071
start - 3072
start - 3073
start - 3074
start - 3075
start - 3076
start - 3077
start - 3078
start - 3079
start - 3080
start - 3081
start - 3082
start - 3083
start - 3084
start - 3085
start - 3086
start - 3087
start - 3088
start - 3089
start - 3090
start - 3091
start - 3092
start - 3093
start - 3094
start - 3095
start - 3096
start - 3097
start - 3098
start - 3099
start - 3100
start - 3101
start - 3102
start - 3103
start - 3104
start - 3105
start - 3106
start - 3107
start - 3108
start - 3109
start - 3110
start - 3111
start - 3112
start - 3113
start - 3114
start - 3115
start - 3116
start - 3117
start - 3118
start - 3119
start - 3120
start - 3121
start - 3122
start - 3123
start - 3124
start - 3125
start - 3126
start - 3127
start - 3128
start - 3129
n deu - 3129
prox
ui
prox
ui
prox
start - 3127
start - 3128
start - 3129
start - 3130
start - 3131
start - 3132
start - 3133
start - 3134
start - 3135
start - 3136
start - 3137
start - 3138
start - 3139
start - 3140
start - 3141
start - 3142
start - 3143
start - 3144
start - 3145
start - 3146
start - 3147
start - 3148
start - 3149
start - 3150
start - 3151
start - 3152
start - 3153
start - 3154
start - 3155
start - 3156
start - 3157
start - 3158
start - 3159
n deu - 3159
prox
start - 3159
start - 3160
start - 3161
start - 3162
start - 3163
start - 3164
start - 3165
start - 3166
start - 3167
start - 3168
start - 3169
start - 3170
start - 3171
start - 3172
start - 3173
start - 3174
start - 3175
start - 3176
start - 3177
start - 3178
start - 3179
start - 3180
start - 3181
start - 3182
start - 3183
start - 3184
start - 3185
start - 3186
start - 3187
start - 3188
start - 3189
start - 3190
start - 3191
start - 3192
start - 3193
start - 3194
start - 3195
start - 3196
start - 3197
start - 3198
start - 3199
start - 3200
start - 3201
start - 3202
start - 3203
start - 3204
start - 3205
start - 3206
start - 3207
start - 3208
start - 3209
start - 3210
start - 3211
start - 3212
start - 3213
start - 3214
start - 3215
start - 3216
start - 3217
start - 3218
start - 3219
start - 3220
start - 3221
n deu - 3221
prox
start - 3221
start - 3222
start - 3223
start - 3224
start - 3225
start - 3226
start - 3227
start - 3228
start - 3229
start - 3230
start - 3231
start - 3232
start - 3233
start - 3234
start - 3235
start - 3236
start - 3237
start - 3238
start - 3239
start - 3240
start - 3241
start - 3242
start - 3243
start - 3244
start - 3245
start - 3246
start - 3247
start - 3248
start - 3249
start - 3250
start - 3251
start - 3252
start - 3253
start - 3254
start - 3255
start - 3256
start - 3257
start - 3258
start - 3259
start - 3260
start - 3261
start - 3262
start - 3263
start - 3264
start - 3265
start - 3266
start - 3267
start - 3268
start - 3269
start - 3270
start - 3271
start - 3272
start - 3273
start - 3274
start - 3275
start - 3276
start - 3277
start - 3278
start - 3279
start - 3280
start - 3281
start - 3282
start - 3283
n deu - 3283
prox
start - 3283
start - 3284
start - 3285
start - 3286
start - 3287
start - 3288
start - 3289
start - 3290
start - 3291
start - 3292
start - 3293
start - 3294
start - 3295
start - 3296
start - 3297
start - 3298
start - 3299
start - 3300
start - 3301
start - 3302
start - 3303
start - 3304
start - 3305
start - 3306
start - 3307
start - 3308
start - 3309
start - 3310
start - 3311
start - 3312
start - 3313
start - 3314
start - 3315
start - 3316
start - 3317
start - 3318
start - 3319
start - 3320
start - 3321
start - 3322
start - 3323
start - 3324
start - 3325
start - 3326
start - 3327
start - 3328
start - 3329
start - 3330
start - 3331
start - 3332
start - 3333
start - 3334
start - 3335
start - 3336
start - 3337
start - 3338
start - 3339
start - 3340
start - 3341
start - 3342
start - 3343
start - 3344
start - 3345
n deu - 3345
prox
start - 3345
start - 3346
start - 3347
start - 3348
start - 3349
start - 3350
start - 3351
start - 3352
start - 3353
start - 3354
start - 3355
start - 3356
start - 3357
start - 3358
start - 3359
start - 3360
start - 3361
start - 3362
start - 3363
start - 3364
start - 3365
start - 3366
start - 3367
start - 3368
start - 3369
start - 3370
start - 3371
start - 3372
start - 3373
start - 3374
start - 3375
start - 3376
start - 3377
start - 3378
start - 3379
start - 3380
start - 3381
start - 3382
start - 3383
start - 3384
start - 3385
start - 3386
start - 3387
start - 3388
start - 3389
start - 3390
start - 3391
start - 3392
start - 3393
start - 3394
start - 3395
start - 3396
start - 3397
start - 3398
start - 3399
start - 3400
start - 3401
start - 3402
start - 3403
start - 3404
start - 3405
start - 3406
start - 3407
n deu - 3407
prox
start - 3407
start - 3408
start - 3409
start - 3410
start - 3411
start - 3412
start - 3413
start - 3414
start - 3415
start - 3416
start - 3417
start - 3418
start - 3419
start - 3420
start - 3421
start - 3422
start - 3423
start - 3424
start - 3425
start - 3426
start - 3427
start - 3428
start - 3429
start - 3430
start - 3431
start - 3432
start - 3433
start - 3434
start - 3435
start - 3436
start - 3437
start - 3438
start - 3439
start - 3440
start - 3441
start - 3442
start - 3443
start - 3444
start - 3445
start - 3446
start - 3447
start - 3448
start - 3449
start - 3450
start - 3451
start - 3452
start - 3453
start - 3454
start - 3455
start - 3456
start - 3457
start - 3458
start - 3459
start - 3460
start - 3461
start - 3462
start - 3463
start - 3464
start - 3465
start - 3466
start - 3467
start - 3468
start - 3469
n deu - 3469
prox
start - 3469
start - 3470
start - 3471
start - 3472
start - 3473
start - 3474
start - 3475
start - 3476
start - 3477
start - 3478
start - 3479
start - 3480
start - 3481
start - 3482
start - 3483
start - 3484
start - 3485
start - 3486
start - 3487
start - 3488
start - 3489
start - 3490
start - 3491
start - 3492
start - 3493
start - 3494
start - 3495
start - 3496
start - 3497
start - 3498
start - 3499
start - 3500
start - 3501
start - 3502
start - 3503
start - 3504
start - 3505
start - 3506
start - 3507
start - 3508
start - 3509
start - 3510
start - 3511
start - 3512
start - 3513
start - 3514
start - 3515
start - 3516
start - 3517
start - 3518
start - 3519
start - 3520
start - 3521
start - 3522
start - 3523
start - 3524
start - 3525
start - 3526
start - 3527
start - 3528
start - 3529
start - 3530
start - 3531
n deu - 3531
prox
ui
prox
ui
prox
start - 3529
start - 3530
start - 3531
start - 3532
start - 3533
start - 3534
start - 3535
start - 3536
start - 3537
start - 3538
start - 3539
start - 3540
start - 3541
start - 3542
start - 3543
start - 3544
start - 3545
start - 3546
start - 3547
start - 3548
start - 3549
start - 3550
start - 3551
start - 3552
start - 3553
start - 3554
start - 3555
start - 3556
start - 3557
start - 3558
start - 3559
start - 3560
start - 3561
n deu - 3561
prox
start - 3561
start - 3562
start - 3563
start - 3564
start - 3565
start - 3566
start - 3567
start - 3568
start - 3569
start - 3570
start - 3571
start - 3572
start - 3573
start - 3574
start - 3575
start - 3576
start - 3577
start - 3578
start - 3579
start - 3580
start - 3581
start - 3582
start - 3583
start - 3584
start - 3585
start - 3586
start - 3587
start - 3588
start - 3589
start - 3590
start - 3591
start - 3592
start - 3593
start - 3594
start - 3595
start - 3596
start - 3597
start - 3598
start - 3599
start - 3600
start - 3601
start - 3602
start - 3603
start - 3604
start - 3605
start - 3606
start - 3607
start - 3608
start - 3609
start - 3610
start - 3611
start - 3612
start - 3613
start - 3614
start - 3615
start - 3616
start - 3617
start - 3618
start - 3619
start - 3620
start - 3621
start - 3622
start - 3623
n deu - 3623
prox
start - 3623
start - 3624
start - 3625
start - 3626
start - 3627
start - 3628
start - 3629
start - 3630
start - 3631
start - 3632
start - 3633
start - 3634
start - 3635
start - 3636
start - 3637
start - 3638
start - 3639
start - 3640
start - 3641
start - 3642
start - 3643
start - 3644
start - 3645
start - 3646
start - 3647
start - 3648
start - 3649
start - 3650
start - 3651
start - 3652
start - 3653
start - 3654
start - 3655
start - 3656
start - 3657
start - 3658
start - 3659
start - 3660
start - 3661
start - 3662
start - 3663
start - 3664
start - 3665
start - 3666
start - 3667
start - 3668
start - 3669
start - 3670
start - 3671
start - 3672
start - 3673
start - 3674
start - 3675
start - 3676
start - 3677
start - 3678
start - 3679
start - 3680
start - 3681
start - 3682
start - 3683
start - 3684
start - 3685
n deu - 3685
prox
start - 3685
start - 3686
start - 3687
start - 3688
start - 3689
start - 3690
start - 3691
start - 3692
start - 3693
start - 3694
start - 3695
start - 3696
start - 3697
start - 3698
start - 3699
start - 3700
start - 3701
start - 3702
start - 3703
start - 3704
start - 3705
start - 3706
start - 3707
start - 3708
start - 3709
start - 3710
start - 3711
start - 3712
start - 3713
start - 3714
start - 3715
start - 3716
start - 3717
start - 3718
start - 3719
start - 3720
start - 3721
start - 3722
start - 3723
start - 3724
start - 3725
start - 3726
start - 3727
start - 3728
start - 3729
start - 3730
start - 3731
start - 3732
start - 3733
start - 3734
start - 3735
start - 3736
start - 3737
start - 3738
start - 3739
start - 3740
start - 3741
start - 3742
start - 3743
start - 3744
start - 3745
start - 3746
start - 3747
n deu - 3747
prox
start - 3747
start - 3748
start - 3749
start - 3750
start - 3751
start - 3752
start - 3753
start - 3754
start - 3755
start - 3756
start - 3757
start - 3758
start - 3759
start - 3760
start - 3761
start - 3762
start - 3763
start - 3764
start - 3765
start - 3766
start - 3767
start - 3768
start - 3769
start - 3770
start - 3771
start - 3772
start - 3773
start - 3774
start - 3775
start - 3776
start - 3777
start - 3778
start - 3779
start - 3780
start - 3781
start - 3782
start - 3783
start - 3784
start - 3785
start - 3786
start - 3787
start - 3788
start - 3789
start - 3790
start - 3791
start - 3792
start - 3793
start - 3794
start - 3795
start - 3796
start - 3797
start - 3798
start - 3799
start - 3800
start - 3801
start - 3802
start - 3803
start - 3804
start - 3805
start - 3806
start - 3807
start - 3808
start - 3809
n deu - 3809
prox
start - 3809
start - 3810
start - 3811
start - 3812
start - 3813
start - 3814
start - 3815
start - 3816
start - 3817
start - 3818
start - 3819
start - 3820
start - 3821
start - 3822
start - 3823
start - 3824
start - 3825
start - 3826
start - 3827
start - 3828
start - 3829
start - 3830
start - 3831
start - 3832
start - 3833
start - 3834
start - 3835
start - 3836
start - 3837
start - 3838
start - 3839
start - 3840
start - 3841
start - 3842
start - 3843
start - 3844
start - 3845
start - 3846
start - 3847
start - 3848
start - 3849
start - 3850
start - 3851
start - 3852
start - 3853
start - 3854
start - 3855
start - 3856
start - 3857
start - 3858
start - 3859
start - 3860
start - 3861
start - 3862
start - 3863
start - 3864
start - 3865
start - 3866
start - 3867
start - 3868
start - 3869
start - 3870
start - 3871
n deu - 3871
prox
start - 3871
start - 3872
start - 3873
start - 3874
start - 3875
start - 3876
start - 3877
start - 3878
start - 3879
start - 3880
start - 3881
start - 3882
start - 3883
start - 3884
start - 3885
start - 3886
start - 3887
start - 3888
start - 3889
start - 3890
start - 3891
start - 3892
start - 3893
start - 3894
start - 3895
start - 3896
start - 3897
start - 3898
start - 3899
start - 3900
start - 3901
start - 3902
start - 3903
n deu - 3903
prox
start - 3903
start - 3904
start - 3905
start - 3906
start - 3907
start - 3908
start - 3909
start - 3910
start - 3911
start - 3912
start - 3913
start - 3914
start - 3915
start - 3916
start - 3917
start - 3918
start - 3919
start - 3920
start - 3921
start - 3922
start - 3923
start - 3924
start - 3925
start - 3926
